
> 61-examples-registry@1.0.0 start /Users/matiasgf/repos/experiments/ralph-gpu/ralphs/61-examples-registry
> tsx index.ts

ðŸš€ Starting examples registry agent...


â”Œâ”€ Iteration 0 â”€â”€â”€â”€â”€â”€â”€â”€â”€â”€â”€â”€â”€â”€â”€â”€â”€â”€â”€â”€â”€â”€â”€â”€â”€â”€â”€â”€â”€â”€â”€â”€â”€â”€â”€â”€â”€â”€â”€â”€
  ðŸ”§ [18:01:04] bash
     â–¸ command: ls -a .progress.md .brain/
     âœ“ exit 1: ls: .brain/: No such file or directory
ls: .progress.md: ... (24ms)
  ðŸ”§ [18:01:06] bash
     â–¸ command: cat ../../apps/docs/app/examples/page.tsx
     âœ“ exit 0, 330 lines (7ms)
  ðŸ”§ [18:01:09] bash
     â–¸ command: mkdir -p .brain && touch .brain/index.md
cat > .progress.md <<EOF
# Progress

## Completed
- [x] ...
     âœ“ exit 0 (21ms)
  ðŸ”§ [18:01:11] bash
     â–¸ command: mkdir -p ../../apps/docs/lib
     âœ“ exit 0 (11ms)
  âœï¸ [18:01:21] writeFile
     â–¸ path: ../../apps/docs/lib/examples.ts
     âœ“ {success} (4ms)
  ðŸ”§ [18:01:24] bash
     â–¸ command: cat > .progress.md <<EOF
# Progress

## Completed
- [x] Initial research of current examples page...
     âœ“ exit 0 (12ms)
  ðŸ”§ [18:01:26] bash
     â–¸ command: cd ../../ && pnpm build --filter docs
     âœ“ exit 0, 75 lines (9784ms)
  ðŸ”§ [18:01:43] bash
     â–¸ command: cat > .brain/index.md <<EOF
# Examples Registry

The examples for the documentation app have been...
     âœ“ exit 0 (16ms)
  ðŸ [18:01:47] done
     âœ“ {completed} (1ms)
â””â”€ Iteration 0 completed: 9 tools, 11,742 tokens, $0.0386 (48.4s)

âœ… Agent completed: completed
   Summary: I have successfully created the examples registry for the ralph-gpu documentation app.

Key changes:
1. Created the `apps/docs/lib/` directory.
2. Created `apps/docs/lib/examples.ts` which contains...

ðŸ“Š Trace file: .traces/trace-2026-01-15T21-01-02-531Z.ndjson

ðŸ“Š Results
âœ… Success: true
ðŸ”„ Iterations: 0
ðŸ’° Cost: $0.0386
â±ï¸ Duration: 48.4s
